<?xml version="1.0" encoding="UTF-8"?>
<testng-results total="3" passed="2" failed="1" skipped="0">
  <reporter-output>
  </reporter-output>
  <suite started-at="2019-07-23T06:45:48Z" name="Default suite" finished-at="2019-07-23T06:46:24Z" duration-ms="36542">
    <groups>
    </groups>
    <test started-at="2019-07-23T06:45:48Z" name="Default test" finished-at="2019-07-23T06:46:24Z" duration-ms="36542">
      <class name="com.org.learningMaven.GizmoApplication">
        <test-method is-config="true" signature="launchApplication()[pri:0, instance:com.org.learningMaven.GizmoApplication@6cf0e0ba]" started-at="2019-07-23T12:15:48Z" name="launchApplication" finished-at="2019-07-23T12:16:21Z" duration-ms="33742" status="PASS">
          <reporter-output>
          </reporter-output>
        </test-method> <!-- launchApplication -->
        <test-method signature="verifyTitle()[pri:1, instance:com.org.learningMaven.GizmoApplication@6cf0e0ba]" started-at="2019-07-23T12:16:21Z" name="verifyTitle" finished-at="2019-07-23T12:16:21Z" duration-ms="172" status="PASS">
          <reporter-output>
          </reporter-output>
        </test-method> <!-- verifyTitle -->
        <test-method signature="verifyAlphaValue()[pri:2, instance:com.org.learningMaven.GizmoApplication@6cf0e0ba]" started-at="2019-07-23T12:16:21Z" name="verifyAlphaValue" finished-at="2019-07-23T12:16:24Z" duration-ms="2415" status="PASS">
          <reporter-output>
          </reporter-output>
        </test-method> <!-- verifyAlphaValue -->
        <test-method signature="selectCheckbox()[pri:3, instance:com.org.learningMaven.GizmoApplication@6cf0e0ba]" started-at="2019-07-23T12:16:24Z" name="selectCheckbox" finished-at="2019-07-23T12:16:24Z" duration-ms="64" status="FAIL">
          <exception class="java.lang.AssertionError">
            <message>
              <![CDATA[Not checked all the values expected [true] but found [false]]]>
            </message>
            <full-stacktrace>
              <![CDATA[java.lang.AssertionError: Not checked all the values expected [true] but found [false]
	at org.testng.Assert.fail(Assert.java:94)
	at org.testng.Assert.failNotEquals(Assert.java:513)
	at org.testng.Assert.assertTrue(Assert.java:42)
	at com.org.learningMaven.GizmoApplication.selectCheckbox(GizmoApplication.java:55)
	at java.base/jdk.internal.reflect.NativeMethodAccessorImpl.invoke0(Native Method)
	at java.base/jdk.internal.reflect.NativeMethodAccessorImpl.invoke(NativeMethodAccessorImpl.java:62)
	at java.base/jdk.internal.reflect.DelegatingMethodAccessorImpl.invoke(DelegatingMethodAccessorImpl.java:43)
	at java.base/java.lang.reflect.Method.invoke(Method.java:564)
	at org.testng.internal.MethodInvocationHelper.invokeMethod(MethodInvocationHelper.java:86)
	at org.testng.internal.Invoker.invokeMethod(Invoker.java:645)
	at org.testng.internal.Invoker.invokeTestMethod(Invoker.java:822)
	at org.testng.internal.Invoker.invokeTestMethods(Invoker.java:1130)
	at org.testng.internal.TestMethodWorker.invokeTestMethods(TestMethodWorker.java:129)
	at org.testng.internal.TestMethodWorker.run(TestMethodWorker.java:112)
	at org.testng.TestRunner.privateRun(TestRunner.java:782)
	at org.testng.TestRunner.run(TestRunner.java:632)
	at org.testng.SuiteRunner.runTest(SuiteRunner.java:366)
	at org.testng.SuiteRunner.runSequentially(SuiteRunner.java:361)
	at org.testng.SuiteRunner.privateRun(SuiteRunner.java:319)
	at org.testng.SuiteRunner.run(SuiteRunner.java:268)
	at org.testng.SuiteRunnerWorker.runSuite(SuiteRunnerWorker.java:52)
	at org.testng.SuiteRunnerWorker.run(SuiteRunnerWorker.java:86)
	at org.testng.TestNG.runSuitesSequentially(TestNG.java:1244)
	at org.testng.TestNG.runSuitesLocally(TestNG.java:1169)
	at org.testng.TestNG.run(TestNG.java:1064)
	at org.testng.remote.RemoteTestNG.run(RemoteTestNG.java:113)
	at org.testng.remote.RemoteTestNG.initAndRun(RemoteTestNG.java:206)
	at org.testng.remote.RemoteTestNG.main(RemoteTestNG.java:177)
]]>
            </full-stacktrace>
          </exception> <!-- java.lang.AssertionError -->
          <reporter-output>
          </reporter-output>
        </test-method> <!-- selectCheckbox -->
      </class> <!-- com.org.learningMaven.GizmoApplication -->
    </test> <!-- Default test -->
  </suite> <!-- Default suite -->
</testng-results>
